<?xml version="1.0" encoding="UTF-8"?>
<testng-results skipped="0" failed="0" ignored="0" total="1" passed="1">
  <reporter-output>
  </reporter-output>
  <suite name="Default suite" duration-ms="9765" started-at="2021-12-17T06:39:38 IST" finished-at="2021-12-17T06:39:48 IST">
    <groups>
    </groups>
    <test name="Default test" duration-ms="9765" started-at="2021-12-17T06:39:38 IST" finished-at="2021-12-17T06:39:48 IST">
      <class name="com.thoughtworks.qa.testcases.TC_Search_Flights">
        <test-method status="PASS" signature="launchURL()[pri:0, instance:com.thoughtworks.qa.testcases.TC_Search_Flights@86be70a]" name="launchURL" is-config="true" duration-ms="5397" started-at="2021-12-17T06:39:33 IST" finished-at="2021-12-17T06:39:38 IST">
          <reporter-output>
          </reporter-output>
        </test-method> <!-- launchURL -->
        <test-method status="PASS" signature="searchFlights()[pri:0, instance:com.thoughtworks.qa.testcases.TC_Search_Flights@86be70a]" name="searchFlights" duration-ms="9709" started-at="2021-12-17T06:39:39 IST" finished-at="2021-12-17T06:39:48 IST">
          <reporter-output>
          </reporter-output>
        </test-method> <!-- searchFlights -->
        <test-method status="PASS" signature="afterSuite()[pri:0, instance:com.thoughtworks.qa.testcases.TC_Search_Flights@86be70a]" name="afterSuite" is-config="true" duration-ms="1657" started-at="2021-12-17T06:39:48 IST" finished-at="2021-12-17T06:39:50 IST">
          <reporter-output>
          </reporter-output>
        </test-method> <!-- afterSuite -->
      </class> <!-- com.thoughtworks.qa.testcases.TC_Search_Flights -->
    </test> <!-- Default test -->
  </suite> <!-- Default suite -->
</testng-results>
